<?xml version="1.0" encoding="UTF-8"?>
<testsuite xmlns:xsi="http://www.w3.org/2001/XMLSchema-instance" xsi:noNamespaceSchemaLocation="https://maven.apache.org/surefire/maven-surefire-plugin/xsd/surefire-test-report.xsd" name="com.classstudies.classquiz.ClassroomQuizApplicationTests" time="4.611" tests="1" errors="0" skipped="0" failures="0">
  <properties>
    <property name="java.specification.version" value="18"/>
    <property name="sun.cpu.isalist" value="amd64"/>
    <property name="sun.jnu.encoding" value="Cp1252"/>
    <property name="java.class.path" value="D:\Project\ONLINE\classroom-quiz-main\backend\target\test-classes;D:\Project\ONLINE\classroom-quiz-main\backend\target\classes;C:\Users\avina\.m2\repository\org\springframework\boot\spring-boot-starter-data-jpa\2.4.5\spring-boot-starter-data-jpa-2.4.5.jar;C:\Users\avina\.m2\repository\org\springframework\boot\spring-boot-starter-aop\2.4.5\spring-boot-starter-aop-2.4.5.jar;C:\Users\avina\.m2\repository\org\aspectj\aspectjweaver\1.9.6\aspectjweaver-1.9.6.jar;C:\Users\avina\.m2\repository\org\springframework\boot\spring-boot-starter-jdbc\2.4.5\spring-boot-starter-jdbc-2.4.5.jar;C:\Users\avina\.m2\repository\com\zaxxer\HikariCP\3.4.5\HikariCP-3.4.5.jar;C:\Users\avina\.m2\repository\org\springframework\spring-jdbc\5.3.6\spring-jdbc-5.3.6.jar;C:\Users\avina\.m2\repository\jakarta\transaction\jakarta.transaction-api\1.3.3\jakarta.transaction-api-1.3.3.jar;C:\Users\avina\.m2\repository\jakarta\persistence\jakarta.persistence-api\2.2.3\jakarta.persistence-api-2.2.3.jar;C:\Users\avina\.m2\repository\org\hibernate\hibernate-core\5.4.30.Final\hibernate-core-5.4.30.Final.jar;C:\Users\avina\.m2\repository\org\jboss\logging\jboss-logging\3.4.1.Final\jboss-logging-3.4.1.Final.jar;C:\Users\avina\.m2\repository\org\javassist\javassist\3.27.0-GA\javassist-3.27.0-GA.jar;C:\Users\avina\.m2\repository\net\bytebuddy\byte-buddy\1.10.22\byte-buddy-1.10.22.jar;C:\Users\avina\.m2\repository\antlr\antlr\2.7.7\antlr-2.7.7.jar;C:\Users\avina\.m2\repository\org\jboss\jandex\2.2.3.Final\jandex-2.2.3.Final.jar;C:\Users\avina\.m2\repository\com\fasterxml\classmate\1.5.1\classmate-1.5.1.jar;C:\Users\avina\.m2\repository\org\dom4j\dom4j\2.1.3\dom4j-2.1.3.jar;C:\Users\avina\.m2\repository\org\hibernate\common\hibernate-commons-annotations\5.1.2.Final\hibernate-commons-annotations-5.1.2.Final.jar;C:\Users\avina\.m2\repository\org\glassfish\jaxb\jaxb-runtime\2.3.4\jaxb-runtime-2.3.4.jar;C:\Users\avina\.m2\repository\org\glassfish\jaxb\txw2\2.3.4\txw2-2.3.4.jar;C:\Users\avina\.m2\repository\com\sun\istack\istack-commons-runtime\3.0.12\istack-commons-runtime-3.0.12.jar;C:\Users\avina\.m2\repository\com\sun\activation\jakarta.activation\1.2.2\jakarta.activation-1.2.2.jar;C:\Users\avina\.m2\repository\org\springframework\data\spring-data-jpa\2.4.8\spring-data-jpa-2.4.8.jar;C:\Users\avina\.m2\repository\org\springframework\data\spring-data-commons\2.4.8\spring-data-commons-2.4.8.jar;C:\Users\avina\.m2\repository\org\springframework\spring-orm\5.3.6\spring-orm-5.3.6.jar;C:\Users\avina\.m2\repository\org\springframework\spring-context\5.3.6\spring-context-5.3.6.jar;C:\Users\avina\.m2\repository\org\springframework\spring-tx\5.3.6\spring-tx-5.3.6.jar;C:\Users\avina\.m2\repository\org\springframework\spring-beans\5.3.6\spring-beans-5.3.6.jar;C:\Users\avina\.m2\repository\org\slf4j\slf4j-api\1.7.30\slf4j-api-1.7.30.jar;C:\Users\avina\.m2\repository\org\springframework\spring-aspects\5.3.6\spring-aspects-5.3.6.jar;C:\Users\avina\.m2\repository\org\springframework\boot\spring-boot-starter-web\2.4.5\spring-boot-starter-web-2.4.5.jar;C:\Users\avina\.m2\repository\org\springframework\boot\spring-boot-starter\2.4.5\spring-boot-starter-2.4.5.jar;C:\Users\avina\.m2\repository\org\springframework\boot\spring-boot-starter-logging\2.4.5\spring-boot-starter-logging-2.4.5.jar;C:\Users\avina\.m2\repository\ch\qos\logback\logback-classic\1.2.3\logback-classic-1.2.3.jar;C:\Users\avina\.m2\repository\ch\qos\logback\logback-core\1.2.3\logback-core-1.2.3.jar;C:\Users\avina\.m2\repository\org\apache\logging\log4j\log4j-to-slf4j\2.13.3\log4j-to-slf4j-2.13.3.jar;C:\Users\avina\.m2\repository\org\apache\logging\log4j\log4j-api\2.13.3\log4j-api-2.13.3.jar;C:\Users\avina\.m2\repository\org\slf4j\jul-to-slf4j\1.7.30\jul-to-slf4j-1.7.30.jar;C:\Users\avina\.m2\repository\jakarta\annotation\jakarta.annotation-api\1.3.5\jakarta.annotation-api-1.3.5.jar;C:\Users\avina\.m2\repository\org\yaml\snakeyaml\1.27\snakeyaml-1.27.jar;C:\Users\avina\.m2\repository\org\springframework\boot\spring-boot-starter-json\2.4.5\spring-boot-starter-json-2.4.5.jar;C:\Users\avina\.m2\repository\com\fasterxml\jackson\datatype\jackson-datatype-jdk8\2.11.4\jackson-datatype-jdk8-2.11.4.jar;C:\Users\avina\.m2\repository\com\fasterxml\jackson\datatype\jackson-datatype-jsr310\2.11.4\jackson-datatype-jsr310-2.11.4.jar;C:\Users\avina\.m2\repository\com\fasterxml\jackson\module\jackson-module-parameter-names\2.11.4\jackson-module-parameter-names-2.11.4.jar;C:\Users\avina\.m2\repository\org\springframework\boot\spring-boot-starter-tomcat\2.4.5\spring-boot-starter-tomcat-2.4.5.jar;C:\Users\avina\.m2\repository\org\apache\tomcat\embed\tomcat-embed-core\9.0.45\tomcat-embed-core-9.0.45.jar;C:\Users\avina\.m2\repository\org\glassfish\jakarta.el\3.0.3\jakarta.el-3.0.3.jar;C:\Users\avina\.m2\repository\org\apache\tomcat\embed\tomcat-embed-websocket\9.0.45\tomcat-embed-websocket-9.0.45.jar;C:\Users\avina\.m2\repository\org\springframework\spring-web\5.3.6\spring-web-5.3.6.jar;C:\Users\avina\.m2\repository\org\springframework\spring-webmvc\5.3.6\spring-webmvc-5.3.6.jar;C:\Users\avina\.m2\repository\org\springframework\spring-expression\5.3.6\spring-expression-5.3.6.jar;C:\Users\avina\.m2\repository\org\springframework\boot\spring-boot-starter-security\2.4.5\spring-boot-starter-security-2.4.5.jar;C:\Users\avina\.m2\repository\org\springframework\spring-aop\5.3.6\spring-aop-5.3.6.jar;C:\Users\avina\.m2\repository\org\springframework\security\spring-security-config\5.4.6\spring-security-config-5.4.6.jar;C:\Users\avina\.m2\repository\org\springframework\security\spring-security-core\5.4.6\spring-security-core-5.4.6.jar;C:\Users\avina\.m2\repository\org\springframework\security\spring-security-web\5.4.6\spring-security-web-5.4.6.jar;C:\Users\avina\.m2\repository\org\springframework\boot\spring-boot-devtools\2.4.5\spring-boot-devtools-2.4.5.jar;C:\Users\avina\.m2\repository\org\springframework\boot\spring-boot\2.4.5\spring-boot-2.4.5.jar;C:\Users\avina\.m2\repository\org\springframework\boot\spring-boot-autoconfigure\2.4.5\spring-boot-autoconfigure-2.4.5.jar;C:\Users\avina\.m2\repository\mysql\mysql-connector-java\8.0.23\mysql-connector-java-8.0.23.jar;C:\Users\avina\.m2\repository\org\springframework\boot\spring-boot-starter-test\2.4.5\spring-boot-starter-test-2.4.5.jar;C:\Users\avina\.m2\repository\org\springframework\boot\spring-boot-test\2.4.5\spring-boot-test-2.4.5.jar;C:\Users\avina\.m2\repository\org\springframework\boot\spring-boot-test-autoconfigure\2.4.5\spring-boot-test-autoconfigure-2.4.5.jar;C:\Users\avina\.m2\repository\com\jayway\jsonpath\json-path\2.4.0\json-path-2.4.0.jar;C:\Users\avina\.m2\repository\net\minidev\json-smart\2.3\json-smart-2.3.jar;C:\Users\avina\.m2\repository\net\minidev\accessors-smart\1.2\accessors-smart-1.2.jar;C:\Users\avina\.m2\repository\org\ow2\asm\asm\5.0.4\asm-5.0.4.jar;C:\Users\avina\.m2\repository\jakarta\xml\bind\jakarta.xml.bind-api\2.3.3\jakarta.xml.bind-api-2.3.3.jar;C:\Users\avina\.m2\repository\jakarta\activation\jakarta.activation-api\1.2.2\jakarta.activation-api-1.2.2.jar;C:\Users\avina\.m2\repository\org\assertj\assertj-core\3.18.1\assertj-core-3.18.1.jar;C:\Users\avina\.m2\repository\org\hamcrest\hamcrest\2.2\hamcrest-2.2.jar;C:\Users\avina\.m2\repository\org\junit\jupiter\junit-jupiter\5.7.1\junit-jupiter-5.7.1.jar;C:\Users\avina\.m2\repository\org\junit\jupiter\junit-jupiter-api\5.7.1\junit-jupiter-api-5.7.1.jar;C:\Users\avina\.m2\repository\org\apiguardian\apiguardian-api\1.1.0\apiguardian-api-1.1.0.jar;C:\Users\avina\.m2\repository\org\opentest4j\opentest4j\1.2.0\opentest4j-1.2.0.jar;C:\Users\avina\.m2\repository\org\junit\platform\junit-platform-commons\1.7.1\junit-platform-commons-1.7.1.jar;C:\Users\avina\.m2\repository\org\junit\jupiter\junit-jupiter-params\5.7.1\junit-jupiter-params-5.7.1.jar;C:\Users\avina\.m2\repository\org\junit\jupiter\junit-jupiter-engine\5.7.1\junit-jupiter-engine-5.7.1.jar;C:\Users\avina\.m2\repository\org\junit\platform\junit-platform-engine\1.7.1\junit-platform-engine-1.7.1.jar;C:\Users\avina\.m2\repository\org\mockito\mockito-core\3.6.28\mockito-core-3.6.28.jar;C:\Users\avina\.m2\repository\net\bytebuddy\byte-buddy-agent\1.10.22\byte-buddy-agent-1.10.22.jar;C:\Users\avina\.m2\repository\org\objenesis\objenesis\3.1\objenesis-3.1.jar;C:\Users\avina\.m2\repository\org\mockito\mockito-junit-jupiter\3.6.28\mockito-junit-jupiter-3.6.28.jar;C:\Users\avina\.m2\repository\org\skyscreamer\jsonassert\1.5.0\jsonassert-1.5.0.jar;C:\Users\avina\.m2\repository\com\vaadin\external\google\android-json\0.0.20131108.vaadin1\android-json-0.0.20131108.vaadin1.jar;C:\Users\avina\.m2\repository\org\springframework\spring-core\5.3.6\spring-core-5.3.6.jar;C:\Users\avina\.m2\repository\org\springframework\spring-jcl\5.3.6\spring-jcl-5.3.6.jar;C:\Users\avina\.m2\repository\org\springframework\spring-test\5.3.6\spring-test-5.3.6.jar;C:\Users\avina\.m2\repository\org\xmlunit\xmlunit-core\2.7.0\xmlunit-core-2.7.0.jar;C:\Users\avina\.m2\repository\io\jsonwebtoken\jjwt\0.9.0\jjwt-0.9.0.jar;C:\Users\avina\.m2\repository\com\fasterxml\jackson\core\jackson-databind\2.11.4\jackson-databind-2.11.4.jar;C:\Users\avina\.m2\repository\com\fasterxml\jackson\core\jackson-annotations\2.11.4\jackson-annotations-2.11.4.jar;C:\Users\avina\.m2\repository\com\fasterxml\jackson\core\jackson-core\2.11.4\jackson-core-2.11.4.jar;C:\Users\avina\.m2\repository\javax\xml\bind\jaxb-api\2.3.1\jaxb-api-2.3.1.jar;C:\Users\avina\.m2\repository\javax\activation\javax.activation-api\1.2.0\javax.activation-api-1.2.0.jar;C:\Users\avina\.m2\repository\com\sun\mail\javax.mail\1.6.2\javax.mail-1.6.2.jar;C:\Users\avina\.m2\repository\javax\activation\activation\1.1\activation-1.1.jar;C:\Users\avina\.m2\repository\org\apache\poi\poi-ooxml\4.0.0\poi-ooxml-4.0.0.jar;C:\Users\avina\.m2\repository\org\apache\poi\poi\4.0.0\poi-4.0.0.jar;C:\Users\avina\.m2\repository\commons-codec\commons-codec\1.15\commons-codec-1.15.jar;C:\Users\avina\.m2\repository\org\apache\commons\commons-collections4\4.2\commons-collections4-4.2.jar;C:\Users\avina\.m2\repository\org\apache\poi\poi-ooxml-schemas\4.0.0\poi-ooxml-schemas-4.0.0.jar;C:\Users\avina\.m2\repository\org\apache\xmlbeans\xmlbeans\3.0.1\xmlbeans-3.0.1.jar;C:\Users\avina\.m2\repository\org\apache\commons\commons-compress\1.18\commons-compress-1.18.jar;C:\Users\avina\.m2\repository\com\github\virtuald\curvesapi\1.04\curvesapi-1.04.jar;"/>
    <property name="java.vm.vendor" value="Eclipse Adoptium"/>
    <property name="sun.arch.data.model" value="64"/>
    <property name="user.variant" value=""/>
    <property name="java.vendor.url" value="https://adoptium.net/"/>
    <property name="user.timezone" value="Asia/Calcutta"/>
    <property name="os.name" value="Windows 11"/>
    <property name="java.vm.specification.version" value="18"/>
    <property name="sun.java.launcher" value="SUN_STANDARD"/>
    <property name="user.country" value="US"/>
    <property name="sun.boot.library.path" value="C:\Users\avina\Downloads\sts-4.14.1.RELEASE\plugins\org.eclipse.justj.openjdk.hotspot.jre.full.win32.x86_64_18.0.1.v20220515-1614\jre\bin"/>
    <property name="sun.java.command" value="C:\Users\avina\AppData\Local\Temp\surefire8326359286553439012\surefirebooter12940946685810934692.jar C:\Users\avina\AppData\Local\Temp\surefire8326359286553439012 2022-08-09T19-54-05_661-jvmRun1 surefire16195818663747301329tmp surefire_03597700644323269355tmp"/>
    <property name="jdk.debug" value="release"/>
    <property name="surefire.test.class.path" value="D:\Project\ONLINE\classroom-quiz-main\backend\target\test-classes;D:\Project\ONLINE\classroom-quiz-main\backend\target\classes;C:\Users\avina\.m2\repository\org\springframework\boot\spring-boot-starter-data-jpa\2.4.5\spring-boot-starter-data-jpa-2.4.5.jar;C:\Users\avina\.m2\repository\org\springframework\boot\spring-boot-starter-aop\2.4.5\spring-boot-starter-aop-2.4.5.jar;C:\Users\avina\.m2\repository\org\aspectj\aspectjweaver\1.9.6\aspectjweaver-1.9.6.jar;C:\Users\avina\.m2\repository\org\springframework\boot\spring-boot-starter-jdbc\2.4.5\spring-boot-starter-jdbc-2.4.5.jar;C:\Users\avina\.m2\repository\com\zaxxer\HikariCP\3.4.5\HikariCP-3.4.5.jar;C:\Users\avina\.m2\repository\org\springframework\spring-jdbc\5.3.6\spring-jdbc-5.3.6.jar;C:\Users\avina\.m2\repository\jakarta\transaction\jakarta.transaction-api\1.3.3\jakarta.transaction-api-1.3.3.jar;C:\Users\avina\.m2\repository\jakarta\persistence\jakarta.persistence-api\2.2.3\jakarta.persistence-api-2.2.3.jar;C:\Users\avina\.m2\repository\org\hibernate\hibernate-core\5.4.30.Final\hibernate-core-5.4.30.Final.jar;C:\Users\avina\.m2\repository\org\jboss\logging\jboss-logging\3.4.1.Final\jboss-logging-3.4.1.Final.jar;C:\Users\avina\.m2\repository\org\javassist\javassist\3.27.0-GA\javassist-3.27.0-GA.jar;C:\Users\avina\.m2\repository\net\bytebuddy\byte-buddy\1.10.22\byte-buddy-1.10.22.jar;C:\Users\avina\.m2\repository\antlr\antlr\2.7.7\antlr-2.7.7.jar;C:\Users\avina\.m2\repository\org\jboss\jandex\2.2.3.Final\jandex-2.2.3.Final.jar;C:\Users\avina\.m2\repository\com\fasterxml\classmate\1.5.1\classmate-1.5.1.jar;C:\Users\avina\.m2\repository\org\dom4j\dom4j\2.1.3\dom4j-2.1.3.jar;C:\Users\avina\.m2\repository\org\hibernate\common\hibernate-commons-annotations\5.1.2.Final\hibernate-commons-annotations-5.1.2.Final.jar;C:\Users\avina\.m2\repository\org\glassfish\jaxb\jaxb-runtime\2.3.4\jaxb-runtime-2.3.4.jar;C:\Users\avina\.m2\repository\org\glassfish\jaxb\txw2\2.3.4\txw2-2.3.4.jar;C:\Users\avina\.m2\repository\com\sun\istack\istack-commons-runtime\3.0.12\istack-commons-runtime-3.0.12.jar;C:\Users\avina\.m2\repository\com\sun\activation\jakarta.activation\1.2.2\jakarta.activation-1.2.2.jar;C:\Users\avina\.m2\repository\org\springframework\data\spring-data-jpa\2.4.8\spring-data-jpa-2.4.8.jar;C:\Users\avina\.m2\repository\org\springframework\data\spring-data-commons\2.4.8\spring-data-commons-2.4.8.jar;C:\Users\avina\.m2\repository\org\springframework\spring-orm\5.3.6\spring-orm-5.3.6.jar;C:\Users\avina\.m2\repository\org\springframework\spring-context\5.3.6\spring-context-5.3.6.jar;C:\Users\avina\.m2\repository\org\springframework\spring-tx\5.3.6\spring-tx-5.3.6.jar;C:\Users\avina\.m2\repository\org\springframework\spring-beans\5.3.6\spring-beans-5.3.6.jar;C:\Users\avina\.m2\repository\org\slf4j\slf4j-api\1.7.30\slf4j-api-1.7.30.jar;C:\Users\avina\.m2\repository\org\springframework\spring-aspects\5.3.6\spring-aspects-5.3.6.jar;C:\Users\avina\.m2\repository\org\springframework\boot\spring-boot-starter-web\2.4.5\spring-boot-starter-web-2.4.5.jar;C:\Users\avina\.m2\repository\org\springframework\boot\spring-boot-starter\2.4.5\spring-boot-starter-2.4.5.jar;C:\Users\avina\.m2\repository\org\springframework\boot\spring-boot-starter-logging\2.4.5\spring-boot-starter-logging-2.4.5.jar;C:\Users\avina\.m2\repository\ch\qos\logback\logback-classic\1.2.3\logback-classic-1.2.3.jar;C:\Users\avina\.m2\repository\ch\qos\logback\logback-core\1.2.3\logback-core-1.2.3.jar;C:\Users\avina\.m2\repository\org\apache\logging\log4j\log4j-to-slf4j\2.13.3\log4j-to-slf4j-2.13.3.jar;C:\Users\avina\.m2\repository\org\apache\logging\log4j\log4j-api\2.13.3\log4j-api-2.13.3.jar;C:\Users\avina\.m2\repository\org\slf4j\jul-to-slf4j\1.7.30\jul-to-slf4j-1.7.30.jar;C:\Users\avina\.m2\repository\jakarta\annotation\jakarta.annotation-api\1.3.5\jakarta.annotation-api-1.3.5.jar;C:\Users\avina\.m2\repository\org\yaml\snakeyaml\1.27\snakeyaml-1.27.jar;C:\Users\avina\.m2\repository\org\springframework\boot\spring-boot-starter-json\2.4.5\spring-boot-starter-json-2.4.5.jar;C:\Users\avina\.m2\repository\com\fasterxml\jackson\datatype\jackson-datatype-jdk8\2.11.4\jackson-datatype-jdk8-2.11.4.jar;C:\Users\avina\.m2\repository\com\fasterxml\jackson\datatype\jackson-datatype-jsr310\2.11.4\jackson-datatype-jsr310-2.11.4.jar;C:\Users\avina\.m2\repository\com\fasterxml\jackson\module\jackson-module-parameter-names\2.11.4\jackson-module-parameter-names-2.11.4.jar;C:\Users\avina\.m2\repository\org\springframework\boot\spring-boot-starter-tomcat\2.4.5\spring-boot-starter-tomcat-2.4.5.jar;C:\Users\avina\.m2\repository\org\apache\tomcat\embed\tomcat-embed-core\9.0.45\tomcat-embed-core-9.0.45.jar;C:\Users\avina\.m2\repository\org\glassfish\jakarta.el\3.0.3\jakarta.el-3.0.3.jar;C:\Users\avina\.m2\repository\org\apache\tomcat\embed\tomcat-embed-websocket\9.0.45\tomcat-embed-websocket-9.0.45.jar;C:\Users\avina\.m2\repository\org\springframework\spring-web\5.3.6\spring-web-5.3.6.jar;C:\Users\avina\.m2\repository\org\springframework\spring-webmvc\5.3.6\spring-webmvc-5.3.6.jar;C:\Users\avina\.m2\repository\org\springframework\spring-expression\5.3.6\spring-expression-5.3.6.jar;C:\Users\avina\.m2\repository\org\springframework\boot\spring-boot-starter-security\2.4.5\spring-boot-starter-security-2.4.5.jar;C:\Users\avina\.m2\repository\org\springframework\spring-aop\5.3.6\spring-aop-5.3.6.jar;C:\Users\avina\.m2\repository\org\springframework\security\spring-security-config\5.4.6\spring-security-config-5.4.6.jar;C:\Users\avina\.m2\repository\org\springframework\security\spring-security-core\5.4.6\spring-security-core-5.4.6.jar;C:\Users\avina\.m2\repository\org\springframework\security\spring-security-web\5.4.6\spring-security-web-5.4.6.jar;C:\Users\avina\.m2\repository\org\springframework\boot\spring-boot-devtools\2.4.5\spring-boot-devtools-2.4.5.jar;C:\Users\avina\.m2\repository\org\springframework\boot\spring-boot\2.4.5\spring-boot-2.4.5.jar;C:\Users\avina\.m2\repository\org\springframework\boot\spring-boot-autoconfigure\2.4.5\spring-boot-autoconfigure-2.4.5.jar;C:\Users\avina\.m2\repository\mysql\mysql-connector-java\8.0.23\mysql-connector-java-8.0.23.jar;C:\Users\avina\.m2\repository\org\springframework\boot\spring-boot-starter-test\2.4.5\spring-boot-starter-test-2.4.5.jar;C:\Users\avina\.m2\repository\org\springframework\boot\spring-boot-test\2.4.5\spring-boot-test-2.4.5.jar;C:\Users\avina\.m2\repository\org\springframework\boot\spring-boot-test-autoconfigure\2.4.5\spring-boot-test-autoconfigure-2.4.5.jar;C:\Users\avina\.m2\repository\com\jayway\jsonpath\json-path\2.4.0\json-path-2.4.0.jar;C:\Users\avina\.m2\repository\net\minidev\json-smart\2.3\json-smart-2.3.jar;C:\Users\avina\.m2\repository\net\minidev\accessors-smart\1.2\accessors-smart-1.2.jar;C:\Users\avina\.m2\repository\org\ow2\asm\asm\5.0.4\asm-5.0.4.jar;C:\Users\avina\.m2\repository\jakarta\xml\bind\jakarta.xml.bind-api\2.3.3\jakarta.xml.bind-api-2.3.3.jar;C:\Users\avina\.m2\repository\jakarta\activation\jakarta.activation-api\1.2.2\jakarta.activation-api-1.2.2.jar;C:\Users\avina\.m2\repository\org\assertj\assertj-core\3.18.1\assertj-core-3.18.1.jar;C:\Users\avina\.m2\repository\org\hamcrest\hamcrest\2.2\hamcrest-2.2.jar;C:\Users\avina\.m2\repository\org\junit\jupiter\junit-jupiter\5.7.1\junit-jupiter-5.7.1.jar;C:\Users\avina\.m2\repository\org\junit\jupiter\junit-jupiter-api\5.7.1\junit-jupiter-api-5.7.1.jar;C:\Users\avina\.m2\repository\org\apiguardian\apiguardian-api\1.1.0\apiguardian-api-1.1.0.jar;C:\Users\avina\.m2\repository\org\opentest4j\opentest4j\1.2.0\opentest4j-1.2.0.jar;C:\Users\avina\.m2\repository\org\junit\platform\junit-platform-commons\1.7.1\junit-platform-commons-1.7.1.jar;C:\Users\avina\.m2\repository\org\junit\jupiter\junit-jupiter-params\5.7.1\junit-jupiter-params-5.7.1.jar;C:\Users\avina\.m2\repository\org\junit\jupiter\junit-jupiter-engine\5.7.1\junit-jupiter-engine-5.7.1.jar;C:\Users\avina\.m2\repository\org\junit\platform\junit-platform-engine\1.7.1\junit-platform-engine-1.7.1.jar;C:\Users\avina\.m2\repository\org\mockito\mockito-core\3.6.28\mockito-core-3.6.28.jar;C:\Users\avina\.m2\repository\net\bytebuddy\byte-buddy-agent\1.10.22\byte-buddy-agent-1.10.22.jar;C:\Users\avina\.m2\repository\org\objenesis\objenesis\3.1\objenesis-3.1.jar;C:\Users\avina\.m2\repository\org\mockito\mockito-junit-jupiter\3.6.28\mockito-junit-jupiter-3.6.28.jar;C:\Users\avina\.m2\repository\org\skyscreamer\jsonassert\1.5.0\jsonassert-1.5.0.jar;C:\Users\avina\.m2\repository\com\vaadin\external\google\android-json\0.0.20131108.vaadin1\android-json-0.0.20131108.vaadin1.jar;C:\Users\avina\.m2\repository\org\springframework\spring-core\5.3.6\spring-core-5.3.6.jar;C:\Users\avina\.m2\repository\org\springframework\spring-jcl\5.3.6\spring-jcl-5.3.6.jar;C:\Users\avina\.m2\repository\org\springframework\spring-test\5.3.6\spring-test-5.3.6.jar;C:\Users\avina\.m2\repository\org\xmlunit\xmlunit-core\2.7.0\xmlunit-core-2.7.0.jar;C:\Users\avina\.m2\repository\io\jsonwebtoken\jjwt\0.9.0\jjwt-0.9.0.jar;C:\Users\avina\.m2\repository\com\fasterxml\jackson\core\jackson-databind\2.11.4\jackson-databind-2.11.4.jar;C:\Users\avina\.m2\repository\com\fasterxml\jackson\core\jackson-annotations\2.11.4\jackson-annotations-2.11.4.jar;C:\Users\avina\.m2\repository\com\fasterxml\jackson\core\jackson-core\2.11.4\jackson-core-2.11.4.jar;C:\Users\avina\.m2\repository\javax\xml\bind\jaxb-api\2.3.1\jaxb-api-2.3.1.jar;C:\Users\avina\.m2\repository\javax\activation\javax.activation-api\1.2.0\javax.activation-api-1.2.0.jar;C:\Users\avina\.m2\repository\com\sun\mail\javax.mail\1.6.2\javax.mail-1.6.2.jar;C:\Users\avina\.m2\repository\javax\activation\activation\1.1\activation-1.1.jar;C:\Users\avina\.m2\repository\org\apache\poi\poi-ooxml\4.0.0\poi-ooxml-4.0.0.jar;C:\Users\avina\.m2\repository\org\apache\poi\poi\4.0.0\poi-4.0.0.jar;C:\Users\avina\.m2\repository\commons-codec\commons-codec\1.15\commons-codec-1.15.jar;C:\Users\avina\.m2\repository\org\apache\commons\commons-collections4\4.2\commons-collections4-4.2.jar;C:\Users\avina\.m2\repository\org\apache\poi\poi-ooxml-schemas\4.0.0\poi-ooxml-schemas-4.0.0.jar;C:\Users\avina\.m2\repository\org\apache\xmlbeans\xmlbeans\3.0.1\xmlbeans-3.0.1.jar;C:\Users\avina\.m2\repository\org\apache\commons\commons-compress\1.18\commons-compress-1.18.jar;C:\Users\avina\.m2\repository\com\github\virtuald\curvesapi\1.04\curvesapi-1.04.jar;"/>
    <property name="sun.cpu.endian" value="little"/>
    <property name="user.home" value="C:\Users\avina"/>
    <property name="user.language" value="en"/>
    <property name="java.specification.vendor" value="Oracle Corporation"/>
    <property name="java.version.date" value="2022-04-19"/>
    <property name="java.home" value="C:\Users\avina\Downloads\sts-4.14.1.RELEASE\plugins\org.eclipse.justj.openjdk.hotspot.jre.full.win32.x86_64_18.0.1.v20220515-1614\jre"/>
    <property name="file.separator" value="\"/>
    <property name="basedir" value="D:\Project\ONLINE\classroom-quiz-main\backend"/>
    <property name="style.color" value="always"/>
    <property name="java.vm.compressedOopsMode" value="Zero based"/>
    <property name="line.separator" value="&#10;"/>
    <property name="java.vm.specification.vendor" value="Oracle Corporation"/>
    <property name="java.specification.name" value="Java Platform API Specification"/>
    <property name="surefire.real.class.path" value="C:\Users\avina\AppData\Local\Temp\surefire8326359286553439012\surefirebooter12940946685810934692.jar"/>
    <property name="user.script" value=""/>
    <property name="sun.management.compiler" value="HotSpot 64-Bit Tiered Compilers"/>
    <property name="java.runtime.version" value="18.0.1+10"/>
    <property name="user.name" value="avina"/>
    <property name="path.separator" value=";"/>
    <property name="os.version" value="10.0"/>
    <property name="java.runtime.name" value="OpenJDK Runtime Environment"/>
    <property name="file.encoding" value="UTF-8"/>
    <property name="java.vm.name" value="OpenJDK 64-Bit Server VM"/>
    <property name="java.vendor.version" value="Temurin-18.0.1+10"/>
    <property name="localRepository" value="C:\Users\avina\.m2\repository"/>
    <property name="java.vendor.url.bug" value="https://github.com/adoptium/adoptium-support/issues"/>
    <property name="java.io.tmpdir" value="C:\Users\avina\AppData\Local\Temp\"/>
    <property name="java.version" value="18.0.1"/>
    <property name="user.dir" value="D:\Project\ONLINE\classroom-quiz-main\backend"/>
    <property name="os.arch" value="amd64"/>
    <property name="java.vm.specification.name" value="Java Virtual Machine Specification"/>
    <property name="sun.os.patch.level" value=""/>
    <property name="native.encoding" value="Cp1252"/>
    <property name="java.library.path" value="C:\Users\avina\Downloads\sts-4.14.1.RELEASE\plugins\org.eclipse.justj.openjdk.hotspot.jre.full.win32.x86_64_18.0.1.v20220515-1614\jre\bin;C:\WINDOWS\Sun\Java\bin;C:\WINDOWS\system32;C:\WINDOWS;C:/Users/avina/Downloads/sts-4.14.1.RELEASE//plugins/org.eclipse.justj.openjdk.hotspot.jre.full.win32.x86_64_18.0.1.v20220515-1614/jre/bin/server;C:/Users/avina/Downloads/sts-4.14.1.RELEASE//plugins/org.eclipse.justj.openjdk.hotspot.jre.full.win32.x86_64_18.0.1.v20220515-1614/jre/bin;C:\Program Files\Common Files\Oracle\Java\javapath;C:\WINDOWS\system32;C:\WINDOWS;C:\WINDOWS\System32\Wbem;C:\WINDOWS\System32\WindowsPowerShell\v1.0\;C:\WINDOWS\System32\OpenSSH\;C:\Program Files\Git\cmd;C:\Users\avina\AppData\Local\Microsoft\WindowsApps;C:\Users\avina\AppData\Local\Programs\Microsoft VS Code\bin;C:\Users\avina\Downloads\sts-4.14.1.RELEASE;;."/>
    <property name="java.vm.info" value="mixed mode"/>
    <property name="java.vendor" value="Eclipse Adoptium"/>
    <property name="java.vm.version" value="18.0.1+10"/>
    <property name="sun.io.unicode.encoding" value="UnicodeLittle"/>
    <property name="java.class.version" value="62.0"/>
  </properties>
  <testcase name="contextLoads" classname="com.classstudies.classquiz.ClassroomQuizApplicationTests" time="0.102"/>
</testsuite>